# JRE version: Java(TM) SE Runtime Environment (21.0.1+12) (build 21.0.1+12-LTS-29)
# Java VM: Java HotSpot(TM) 64-Bit Server VM (21.0.1+12-LTS-29, mixed mode, sharing, tiered, compressed oops, compressed class ptrs, g1 gc, windows-amd64)
GC Precious Log:
 CardTable entry size: 512
 Card Set container configuration: InlinePtr #cards 4 size 8 Array Of Cards #cards 16 size 48 Howl #buckets 8 coarsen threshold 3686 Howl Bitmap #cards 512 size 80 coarsen threshold 460 Card regions per heap region 1 cards per card region 4096
 CPUs: 12 total, 12 available
 Memory: 16249M
 Large Page Support: Disabled
 NUMA Support: Disabled
 Compressed Oops: Enabled (Zero based)
 Heap Region Size: 2M
 Heap Min Capacity: 8M
 Heap Initial Capacity: 254M
 Heap Max Capacity: 4064M
 Pre-touch: Disabled
 Parallel Workers: 10
 Concurrent Workers: 3
 Concurrent Refinement Workers: 10
 Periodic GC: Disabled
Heap:
 garbage-first heap   total 92160K, used 37382K [0x0000000702000000, 0x0000000800000000)
  region size 2048K, 7 young (14336K), 4 survivors (8192K)
 Metaspace       used 73258K, committed 74048K, reserved 1114112K
  class space    used 10101K, committed 10432K, reserved 1048576K
GC Heap History (20 events):
Event: 0.850 GC heap before
{Heap before GC invocations=1 (full 0):
 garbage-first heap   total 260096K, used 31490K [0x0000000702000000, 0x0000000800000000)
  region size 2048K, 15 young (30720K), 2 survivors (4096K)
 Metaspace       used 13355K, committed 13632K, reserved 1114112K
  class space    used 1594K, committed 1728K, reserved 1048576K
}
Event: 0.854 GC heap after
{Heap after GC invocations=2 (full 0):
 garbage-first heap   total 260096K, used 9429K [0x0000000702000000, 0x0000000800000000)
  region size 2048K, 2 young (4096K), 2 survivors (4096K)
 Metaspace       used 13355K, committed 13632K, reserved 1114112K
  class space    used 1594K, committed 1728K, reserved 1048576K
}
Event: 1.593 GC heap before
{Heap before GC invocations=2 (full 0):
 garbage-first heap   total 260096K, used 54485K [0x0000000702000000, 0x0000000800000000)
  region size 2048K, 25 young (51200K), 2 survivors (4096K)
 Metaspace       used 21199K, committed 21504K, reserved 1114112K
  class space    used 2529K, committed 2688K, reserved 1048576K
}
Event: 1.598 GC heap after
{Heap after GC invocations=3 (full 0):
 garbage-first heap   total 260096K, used 13791K [0x0000000702000000, 0x0000000800000000)
  region size 2048K, 4 young (8192K), 4 survivors (8192K)
 Metaspace       used 21199K, committed 21504K, reserved 1114112K
  class space    used 2529K, committed 2688K, reserved 1048576K
}
Event: 2.498 GC heap before
{Heap before GC invocations=4 (full 0):
 garbage-first heap   total 61440K, used 58847K [0x0000000702000000, 0x0000000800000000)
  region size 2048K, 26 young (53248K), 4 survivors (8192K)
 Metaspace       used 29810K, committed 30400K, reserved 1114112K
  class space    used 3705K, committed 3968K, reserved 1048576K
}
Event: 2.504 GC heap after
{Heap after GC invocations=5 (full 0):
 garbage-first heap   total 73728K, used 18179K [0x0000000702000000, 0x0000000800000000)
  region size 2048K, 6 young (12288K), 6 survivors (12288K)
 Metaspace       used 29810K, committed 30400K, reserved 1114112K
  class space    used 3705K, committed 3968K, reserved 1048576K
}
Event: 2.919 GC heap before
{Heap before GC invocations=5 (full 0):
 garbage-first heap   total 73728K, used 42755K [0x0000000702000000, 0x0000000800000000)
  region size 2048K, 19 young (38912K), 6 survivors (12288K)
 Metaspace       used 35482K, committed 35968K, reserved 1114112K
  class space    used 4560K, committed 4800K, reserved 1048576K
}
Event: 2.925 GC heap after
{Heap after GC invocations=6 (full 0):
 garbage-first heap   total 73728K, used 19103K [0x0000000702000000, 0x0000000800000000)
  region size 2048K, 1 young (2048K), 1 survivors (2048K)
 Metaspace       used 35482K, committed 35968K, reserved 1114112K
  class space    used 4560K, committed 4800K, reserved 1048576K
}
Event: 2.943 GC heap before
{Heap before GC invocations=6 (full 0):
 garbage-first heap   total 73728K, used 19103K [0x0000000702000000, 0x0000000800000000)
  region size 2048K, 2 young (4096K), 1 survivors (2048K)
 Metaspace       used 35802K, committed 36288K, reserved 1114112K
  class space    used 4626K, committed 4864K, reserved 1048576K
}
Event: 2.945 GC heap after
{Heap after GC invocations=7 (full 0):
 garbage-first heap   total 73728K, used 18762K [0x0000000702000000, 0x0000000800000000)
  region size 2048K, 1 young (2048K), 1 survivors (2048K)
 Metaspace       used 35802K, committed 36288K, reserved 1114112K
  class space    used 4626K, committed 4864K, reserved 1048576K
}
Event: 4.147 GC heap before
{Heap before GC invocations=8 (full 0):
 garbage-first heap   total 73728K, used 55626K [0x0000000702000000, 0x0000000800000000)
  region size 2048K, 20 young (40960K), 1 survivors (2048K)
 Metaspace       used 46807K, committed 47424K, reserved 1114112K
  class space    used 6173K, committed 6464K, reserved 1048576K
}
Event: 4.150 GC heap after
{Heap after GC invocations=9 (full 0):
 garbage-first heap   total 92160K, used 21203K [0x0000000702000000, 0x0000000800000000)
  region size 2048K, 2 young (4096K), 2 survivors (4096K)
 Metaspace       used 46807K, committed 47424K, reserved 1114112K
  class space    used 6173K, committed 6464K, reserved 1048576K
}
Event: 5.088 GC heap before
{Heap before GC invocations=9 (full 0):
 garbage-first heap   total 92160K, used 70355K [0x0000000702000000, 0x0000000800000000)
  region size 2048K, 27 young (55296K), 2 survivors (4096K)
 Metaspace       used 58173K, committed 58816K, reserved 1114112K
  class space    used 7831K, committed 8128K, reserved 1048576K
}
Event: 5.093 GC heap after
{Heap after GC invocations=10 (full 0):
 garbage-first heap   total 92160K, used 24622K [0x0000000702000000, 0x0000000800000000)
  region size 2048K, 4 young (8192K), 4 survivors (8192K)
 Metaspace       used 58173K, committed 58816K, reserved 1114112K
  class space    used 7831K, committed 8128K, reserved 1048576K
}
Event: 5.252 GC heap before
{Heap before GC invocations=10 (full 0):
 garbage-first heap   total 92160K, used 43054K [0x0000000702000000, 0x0000000800000000)
  region size 2048K, 14 young (28672K), 4 survivors (8192K)
 Metaspace       used 60085K, committed 60736K, reserved 1114112K
  class space    used 8193K, committed 8448K, reserved 1048576K
}
Event: 5.258 GC heap after
{Heap after GC invocations=11 (full 0):
 garbage-first heap   total 92160K, used 25842K [0x0000000702000000, 0x0000000800000000)
  region size 2048K, 3 young (6144K), 3 survivors (6144K)
 Metaspace       used 60085K, committed 60736K, reserved 1114112K
  class space    used 8193K, committed 8448K, reserved 1048576K
}
Event: 5.610 GC heap before
{Heap before GC invocations=12 (full 0):
 garbage-first heap   total 92160K, used 74994K [0x0000000702000000, 0x0000000800000000)
  region size 2048K, 27 young (55296K), 3 survivors (6144K)
 Metaspace       used 65061K, committed 65728K, reserved 1114112K
  class space    used 8915K, committed 9216K, reserved 1048576K
}
Event: 5.614 GC heap after
{Heap after GC invocations=13 (full 0):
 garbage-first heap   total 92160K, used 28602K [0x0000000702000000, 0x0000000800000000)
  region size 2048K, 2 young (4096K), 2 survivors (4096K)
 Metaspace       used 65061K, committed 65728K, reserved 1114112K
  class space    used 8915K, committed 9216K, reserved 1048576K
}
Event: 6.374 GC heap before
{Heap before GC invocations=13 (full 0):
 garbage-first heap   total 92160K, used 79802K [0x0000000702000000, 0x0000000800000000)
  region size 2048K, 27 young (55296K), 2 survivors (4096K)
 Metaspace       used 72751K, committed 73472K, reserved 1114112K
  class space    used 10036K, committed 10304K, reserved 1048576K
}
Event: 6.380 GC heap after
{Heap after GC invocations=14 (full 0):
 garbage-first heap   total 92160K, used 33286K [0x0000000702000000, 0x0000000800000000)
  region size 2048K, 4 young (8192K), 4 survivors (8192K)
 Metaspace       used 72751K, committed 73472K, reserved 1114112K
  class space    used 10036K, committed 10304K, reserved 1048576K
}

